  0%|          | 0/28539 [00:00<?, ?it/s]  0%|          | 32/28539 [00:00<03:31, 134.51it/s]  0%|          | 37/28539 [00:00<05:51, 81.07it/s]   0%|          | 41/28539 [00:00<07:54, 60.04it/s]  0%|          | 53/28539 [00:00<07:50, 60.54it/s]  0%|          | 57/28539 [00:01<10:07, 46.85it/s]  0%|          | 61/28539 [00:01<11:57, 39.66it/s]  0%|          | 64/28539 [00:01<12:55, 36.73it/s]  0%|          | 67/28539 [00:02<14:31, 32.68it/s]  0%|          | 69/28539 [00:02<15:32, 30.55it/s]  0%|          | 71/28539 [00:02<17:20, 27.37it/s]  0%|          | 74/28539 [00:02<17:30, 27.10it/s]  0%|          | 76/28539 [00:02<18:05, 26.22it/s]  0%|          | 78/28539 [00:03<20:13, 23.45it/s]  0%|          | 83/28539 [00:03<22:14, 21.32it/s]  0%|          | 86/28539 [00:04<23:00, 20.61it/s]  0%|          | 91/28539 [00:04<22:55, 20.69it/s]  0%|          | 94/28539 [00:04<23:18, 20.34it/s]  0%|          | 96/28539 [00:04<24:10, 19.61it/s]  0%|          | 98/28539 [00:05<24:18, 19.50it/s]  0%|          | 100/28539 [00:05<24:43, 19.17it/s]  0%|          | 102/28539 [00:05<25:36, 18.51it/s]  0%|          | 104/28539 [00:05<25:45, 18.40it/s]  0%|          | 107/28539 [00:06<27:53, 16.99it/s]  0%|          | 113/28539 [00:06<27:44, 17.07it/s]  0%|          | 115/28539 [00:06<27:50, 17.02it/s]  0%|          | 117/28539 [00:06<27:52, 16.99it/s]  0%|          | 119/28539 [00:07<29:10, 16.23it/s]  0%|          | 123/28539 [00:07<28:44, 16.47it/s]  0%|          | 125/28539 [00:07<29:29, 16.05it/s]  0%|          | 128/28539 [00:07<29:12, 16.21it/s]  0%|          | 130/28539 [00:08<29:16, 16.18it/s]  0%|          | 132/28539 [00:08<30:10, 15.69it/s]  0%|          | 135/28539 [00:08<29:56, 15.81it/s]  0%|          | 137/28539 [00:08<30:13, 15.66it/s]  0%|          | 139/28539 [00:09<30:39, 15.44it/s]  0%|          | 141/28539 [00:09<30:37, 15.45it/s]  1%|          | 144/28539 [00:09<30:33, 15.49it/s]  1%|          | 146/28539 [00:09<30:56, 15.29it/s]  1%|          | 148/28539 [00:09<31:19, 15.11it/s]  1%|          | 151/28539 [00:10<31:48, 14.87it/s]  1%|          | 154/28539 [00:10<31:55, 14.82it/s]  1%|          | 157/28539 [00:10<31:53, 14.83it/s]  1%|          | 159/28539 [00:10<32:11, 14.69it/s]  1%|          | 161/28539 [00:11<33:06, 14.29it/s]  1%|          | 167/28539 [00:11<32:25, 14.59it/s]  1%|          | 169/28539 [00:11<33:15, 14.22it/s]  1%|          | 172/28539 [00:12<33:02, 14.31it/s]  1%|          | 176/28539 [00:12<32:57, 14.34it/s]  1%|          | 178/28539 [00:12<33:20, 14.18it/s]  1%|          | 181/28539 [00:12<33:30, 14.10it/s]  1%|          | 185/28539 [00:13<33:14, 14.22it/s]  1%|          | 188/28539 [00:13<33:43, 14.01it/s]  1%|          | 192/28539 [00:13<33:22, 14.16it/s]  1%|          | 194/28539 [00:13<33:41, 14.02it/s]  1%|          | 197/28539 [00:14<34:07, 13.84it/s]  1%|          | 200/28539 [00:14<34:07, 13.84it/s]  1%|          | 204/28539 [00:14<34:01, 13.88it/s]  1%|          | 206/28539 [00:14<34:08, 13.83it/s]  1%|          | 208/28539 [00:14<34:03, 13.87it/s]  1%|          | 210/28539 [00:15<34:40, 13.62it/s]  1%|          | 213/28539 [00:15<34:31, 13.68it/s]  1%|          | 215/28539 [00:15<34:30, 13.68it/s]  1%|          | 217/28539 [00:15<34:30, 13.68it/s]  1%|          | 219/28539 [00:16<35:19, 13.36it/s]  1%|          | 223/28539 [00:16<34:54, 13.52it/s]  1%|          | 225/28539 [00:16<35:30, 13.29it/s]  1%|          | 229/28539 [00:17<35:10, 13.41it/s]  1%|          | 231/28539 [00:17<35:27, 13.30it/s]  1%|          | 233/28539 [00:17<35:27, 13.31it/s]  1%|          | 235/28539 [00:17<35:24, 13.32it/s]  1%|          | 237/28539 [00:17<35:36, 13.25it/s]  1%|          | 239/28539 [00:18<35:41, 13.22it/s]  1%|          | 242/28539 [00:18<35:42, 13.21it/s]  1%|          | 244/28539 [00:18<36:05, 13.07it/s]  1%|          | 246/28539 [00:18<35:59, 13.10it/s]  1%|          | 249/28539 [00:19<36:02, 13.09it/s]  1%|          | 251/28539 [00:19<36:11, 13.03it/s]  1%|          | 253/28539 [00:19<36:25, 12.94it/s]  1%|          | 257/28539 [00:19<36:10, 13.03it/s]  1%|          | 259/28539 [00:20<36:29, 12.91it/s]  1%|          | 262/28539 [00:20<36:32, 12.90it/s]  1%|          | 266/28539 [00:20<36:25, 12.94it/s]  1%|          | 268/28539 [00:20<36:31, 12.90it/s]  1%|          | 270/28539 [00:20<36:27, 12.92it/s]  1%|          | 272/28539 [00:21<36:30, 12.90it/s]  1%|          | 274/28539 [00:21<36:25, 12.93it/s]  1%|          | 276/28539 [00:21<36:27, 12.92it/s]  1%|          | 278/28539 [00:21<36:51, 12.78it/s]  1%|          | 281/28539 [00:21<36:46, 12.81it/s]  1%|          | 283/28539 [00:22<36:53, 12.77it/s]  1%|          | 285/28539 [00:22<36:57, 12.74it/s]  1%|          | 287/28539 [00:22<36:51, 12.77it/s]  1%|          | 289/28539 [00:22<36:52, 12.77it/s]  1%|          | 291/28539 [00:22<36:52, 12.77it/s]  1%|          | 293/28539 [00:23<37:05, 12.69it/s]  1%|          | 295/28539 [00:23<37:04, 12.70it/s]  1%|          | 298/28539 [00:23<37:15, 12.63it/s]  1%|          | 300/28539 [00:23<37:18, 12.61it/s]  1%|          | 302/28539 [00:23<37:20, 12.60it/s]  1%|          | 304/28539 [00:24<37:21, 12.60it/s]  1%|          | 307/28539 [00:24<37:16, 12.62it/s]  1%|          | 310/28539 [00:24<37:14, 12.63it/s]  1%|          | 312/28539 [00:24<37:16, 12.62it/s]  1%|          | 314/28539 [00:24<37:20, 12.60it/s]  1%|          | 316/28539 [00:25<37:37, 12.50it/s]  1%|          | 320/28539 [00:25<38:00, 12.38it/s]  1%|          | 324/28539 [00:26<37:45, 12.45it/s]  1%|          | 327/28539 [00:26<37:43, 12.46it/s]  1%|          | 329/28539 [00:26<37:48, 12.44it/s]  1%|          | 331/28539 [00:26<37:47, 12.44it/s]  1%|          | 333/28539 [00:26<37:51, 12.42it/s]  1%|          | 335/28539 [00:27<38:11, 12.31it/s]  1%|          | 340/28539 [00:27<38:04, 12.34it/s]  1%|          | 342/28539 [00:27<38:20, 12.26it/s]  1%|          | 346/28539 [00:28<38:10, 12.31it/s]  1%|          | 348/28539 [00:28<38:38, 12.16it/s]  1%|          | 354/28539 [00:29<38:29, 12.20it/s]  1%|▏         | 358/28539 [00:29<38:15, 12.28it/s]  1%|▏         | 360/28539 [00:29<38:35, 12.17it/s]  1%|▏         | 363/28539 [00:29<38:28, 12.20it/s]  1%|▏         | 365/28539 [00:29<38:29, 12.20it/s]  1%|▏         | 367/28539 [00:30<38:36, 12.16it/s]  1%|▏         | 369/28539 [00:30<38:39, 12.14it/s]  1%|▏         | 371/28539 [00:30<38:40, 12.14it/s]  1%|▏         | 373/28539 [00:30<38:43, 12.12it/s]  1%|▏         | 375/28539 [00:30<38:40, 12.14it/s]  1%|▏         | 377/28539 [00:31<38:44, 12.11it/s]  1%|▏         | 379/28539 [00:31<38:52, 12.08it/s]  1%|▏         | 383/28539 [00:31<38:45, 12.11it/s]  1%|▏         | 385/28539 [00:31<38:54, 12.06it/s]  1%|▏         | 387/28539 [00:32<38:58, 12.04it/s]  1%|▏         | 389/28539 [00:32<38:58, 12.04it/s]  1%|▏         | 391/28539 [00:32<38:55, 12.05it/s]  1%|▏         | 393/28539 [00:32<38:53, 12.06it/s]  1%|▏         | 395/28539 [00:32<39:10, 11.97it/s]  1%|▏         | 400/28539 [00:33<38:49, 12.08it/s]  1%|▏         | 402/28539 [00:40<47:41,  9.83it/s]  1%|▏         | 407/28539 [00:54<1:03:15,  7.41it/s]  1%|▏         | 411/28539 [00:55<1:02:46,  7.47it/s]  1%|▏         | 413/28539 [01:05<1:14:54,  6.26it/s]  1%|▏         | 419/28539 [01:30<1:41:41,  4.61it/s]  1%|▏         | 420/28539 [01:31<1:41:35,  4.61it/s]  1%|▏         | 425/28539 [01:42<1:53:11,  4.14it/s]  2%|▏         | 431/28539 [01:44<1:53:05,  4.14it/s]  2%|▏         | 433/28539 [01:44<1:52:40,  4.16it/s]  2%|▏         | 437/28539 [02:11<2:20:56,  3.32it/s]  2%|▏         | 438/28539 [02:11<2:20:44,  3.33it/s]  2%|▏         | 443/28539 [02:11<2:19:19,  3.36it/s]  2%|▏         | 444/28539 [02:11<2:19:11,  3.36it/s]  2%|▏         | 447/28539 [02:12<2:18:23,  3.38it/s]  2%|▏         | 450/28539 [02:12<2:17:37,  3.40it/s]  2%|▏         | 452/28539 [02:12<2:17:16,  3.41it/s]  2%|▏         | 455/28539 [02:12<2:16:31,  3.43it/s]  2%|▏         | 458/28539 [02:13<2:15:55,  3.44it/s]  2%|▏         | 460/28539 [02:13<2:15:37,  3.45it/s]  2%|▏         | 463/28539 [02:13<2:14:55,  3.47it/s]  2%|▏         | 465/28539 [02:13<2:14:28,  3.48it/s]  2%|▏         | 467/28539 [02:13<2:14:07,  3.49it/s]  2%|▏         | 469/28539 [02:13<2:13:39,  3.50it/s]  2%|▏         | 472/28539 [02:14<2:12:56,  3.52it/s]  2%|▏         | 474/28539 [02:14<2:12:44,  3.52it/s]  2%|▏         | 478/28539 [02:14<2:11:47,  3.55it/s]  2%|▏         | 480/28539 [02:14<2:11:31,  3.56it/s]  2%|▏         | 482/28539 [02:15<2:11:12,  3.56it/s]  2%|▏         | 484/28539 [02:15<2:10:48,  3.57it/s]  2%|▏         | 486/28539 [02:15<2:10:47,  3.57it/s]  2%|▏         | 490/28539 [02:16<2:09:52,  3.60it/s]  2%|▏         | 493/28539 [02:16<2:09:26,  3.61it/s]  2%|▏         | 496/28539 [02:16<2:08:47,  3.63it/s]  2%|▏         | 499/28539 [02:17<2:08:27,  3.64it/s]  2%|▏         | 505/28539 [02:17<2:07:03,  3.68it/s]  2%|▏         | 508/28539 [02:17<2:06:38,  3.69it/s]  2%|▏         | 511/28539 [02:17<2:06:05,  3.70it/s]  2%|▏         | 513/28539 [02:18<2:05:41,  3.72it/s]  2%|▏         | 515/28539 [02:18<2:05:28,  3.72it/s]  2%|▏         | 517/28539 [02:18<2:05:06,  3.73it/s]  2%|▏         | 519/28539 [02:18<2:04:47,  3.74it/s]  2%|▏         | 522/28539 [02:18<2:04:19,  3.76it/s]  2%|▏         | 524/28539 [02:19<2:03:58,  3.77it/s]  2%|▏         | 526/28539 [02:19<2:03:38,  3.78it/s]  2%|▏         | 528/28539 [02:19<2:03:24,  3.78it/s]  2%|▏         | 530/28539 [02:19<2:03:06,  3.79it/s]  2%|▏         | 533/28539 [02:19<2:02:32,  3.81it/s]  2%|▏         | 535/28539 [02:20<2:02:26,  3.81it/s]  2%|▏         | 539/28539 [02:20<2:01:39,  3.84it/s]  2%|▏         | 541/28539 [02:20<2:01:28,  3.84it/s]  2%|▏         | 544/28539 [02:21<2:01:07,  3.85it/s]  2%|▏         | 548/28539 [02:21<2:00:25,  3.87it/s]  2%|▏         | 551/28539 [02:21<1:59:51,  3.89it/s]  2%|▏         | 553/28539 [02:22<1:59:47,  3.89it/s]  2%|▏         | 556/28539 [02:22<1:59:14,  3.91it/s]  2%|▏         | 558/28539 [02:22<1:58:54,  3.92it/s]  2%|▏         | 560/28539 [02:22<1:58:43,  3.93it/s]  2%|▏         | 562/28539 [02:22<1:58:28,  3.94it/s]  2%|▏         | 566/28539 [02:23<1:58:00,  3.95it/s]  2%|▏         | 570/28539 [02:23<1:57:17,  3.97it/s]  2%|▏         | 572/28539 [02:23<1:56:59,  3.98it/s]  2%|▏         | 574/28539 [02:23<1:56:51,  3.99it/s]  2%|▏         | 578/28539 [02:24<1:56:19,  4.01it/s]  2%|▏         | 580/28539 [02:24<1:56:00,  4.02it/s]  2%|▏         | 582/28539 [02:24<1:55:50,  4.02it/s]  2%|▏         | 584/28539 [02:24<1:55:31,  4.03it/s]  2%|▏         | 586/28539 [02:24<1:55:12,  4.04it/s]  2%|▏         | 588/28539 [02:25<1:54:59,  4.05it/s]  2%|▏         | 590/28539 [02:25<1:54:43,  4.06it/s]  2%|▏         | 592/28539 [02:25<1:54:28,  4.07it/s]  2%|▏         | 594/28539 [02:25<1:54:11,  4.08it/s]  2%|▏         | 596/28539 [02:25<1:53:53,  4.09it/s]  2%|▏         | 598/28539 [02:25<1:53:40,  4.10it/s]  2%|▏         | 600/28539 [02:26<1:53:23,  4.11it/s]  2%|▏         | 602/28539 [02:26<1:53:09,  4.11it/s]  2%|▏         | 604/28539 [02:26<1:52:59,  4.12it/s]  2%|▏         | 606/28539 [02:26<1:52:44,  4.13it/s]  2%|▏         | 608/28539 [02:26<1:52:26,  4.14it/s]  2%|▏         | 610/28539 [02:27<1:52:20,  4.14it/s]  2%|▏         | 612/28539 [02:27<1:52:08,  4.15it/s]  2%|▏         | 616/28539 [02:27<1:51:38,  4.17it/s]  2%|▏         | 619/28539 [02:27<1:51:14,  4.18it/s]  2%|▏         | 622/28539 [02:28<1:50:55,  4.19it/s]  2%|▏         | 625/28539 [02:28<1:50:29,  4.21it/s]  2%|▏         | 627/28539 [02:28<1:50:14,  4.22it/s]  2%|▏         | 629/28539 [02:28<1:50:03,  4.23it/s]  2%|▏         | 631/28539 [02:29<1:49:53,  4.23it/s]  2%|▏         | 633/28539 [02:29<1:49:38,  4.24it/s]  2%|▏         | 635/28539 [02:29<1:49:27,  4.25it/s]  2%|▏         | 637/28539 [02:29<1:49:11,  4.26it/s]  2%|▏         | 639/28539 [02:29<1:48:56,  4.27it/s]  2%|▏         | 641/28539 [02:29<1:48:41,  4.28it/s]  2%|▏         | 643/28539 [02:30<1:48:34,  4.28it/s]  2%|▏         | 645/28539 [02:30<1:48:21,  4.29it/s]  2%|▏         | 648/28539 [02:30<1:48:00,  4.30it/s]  2%|▏         | 650/28539 [02:30<1:47:54,  4.31it/s]  2%|▏         | 654/28539 [02:31<1:47:20,  4.33it/s]  2%|▏         | 656/28539 [02:31<1:47:04,  4.34it/s]  2%|▏         | 658/28539 [02:31<1:47:03,  4.34it/s]  2%|▏         | 663/28539 [02:31<1:46:29,  4.36it/s]  2%|▏         | 665/28539 [02:32<1:46:18,  4.37it/s]  2%|▏         | 669/28539 [02:32<1:45:48,  4.39it/s]  2%|▏         | 671/28539 [02:32<1:45:42,  4.39it/s]  2%|▏         | 673/28539 [02:32<1:45:29,  4.40it/s]  2%|▏         | 675/28539 [02:32<1:45:15,  4.41it/s]  2%|▏         | 677/28539 [02:33<1:45:06,  4.42it/s]  2%|▏         | 679/28539 [02:33<1:44:58,  4.42it/s]  2%|▏         | 682/28539 [02:33<1:44:35,  4.44it/s]  2%|▏         | 684/28539 [02:33<1:44:20,  4.45it/s]  2%|▏         | 686/28539 [02:33<1:44:10,  4.46it/s]  2%|▏         | 688/28539 [02:34<1:44:08,  4.46it/s]  2%|▏         | 692/28539 [02:34<1:43:36,  4.48it/s]  2%|▏         | 694/28539 [02:34<1:43:34,  4.48it/s]  2%|▏         | 697/28539 [02:35<1:43:11,  4.50it/s]  2%|▏         | 700/28539 [02:35<1:42:59,  4.51it/s]  2%|▏         | 702/28539 [02:35<1:42:46,  4.51it/s]  2%|▏         | 704/28539 [02:35<1:42:36,  4.52it/s]  2%|▏         | 706/28539 [02:35<1:42:26,  4.53it/s]  2%|▏         | 708/28539 [02:36<1:42:15,  4.54it/s]  2%|▏         | 710/28539 [02:36<1:42:09,  4.54it/s]  2%|▏         | 712/28539 [02:36<1:42:01,  4.55it/s]  3%|▎         | 716/28539 [02:36<1:41:34,  4.57it/s]  3%|▎         | 718/28539 [02:37<1:41:27,  4.57it/s]  3%|▎         | 721/28539 [02:37<1:41:10,  4.58it/s]  3%|▎         | 724/28539 [02:37<1:40:58,  4.59it/s]  3%|▎         | 726/28539 [02:37<1:40:45,  4.60it/s]  3%|▎         | 728/28539 [02:38<1:40:37,  4.61it/s]  3%|▎         | 730/28539 [02:38<1:40:27,  4.61it/s]  3%|▎         | 733/28539 [02:38<1:40:07,  4.63it/s]  3%|▎         | 735/28539 [02:38<1:39:57,  4.64it/s]  3%|▎         | 737/28539 [02:38<1:39:49,  4.64it/s]  3%|▎         | 739/28539 [02:38<1:39:39,  4.65it/s]  3%|▎         | 741/28539 [02:39<1:39:33,  4.65it/s]  3%|▎         | 744/28539 [02:39<1:39:14,  4.67it/s]  3%|▎         | 746/28539 [02:39<1:39:02,  4.68it/s]  3%|▎         | 748/28539 [02:39<1:38:55,  4.68it/s]  3%|▎         | 751/28539 [02:40<1:38:42,  4.69it/s]  3%|▎         | 754/28539 [02:40<1:38:29,  4.70it/s]  3%|▎         | 756/28539 [02:40<1:38:17,  4.71it/s]  3%|▎         | 758/28539 [02:40<1:38:07,  4.72it/s]  3%|▎         | 760/28539 [02:41<1:38:08,  4.72it/s]  3%|▎         | 766/28539 [02:41<1:37:26,  4.75it/s]  3%|▎         | 769/28539 [02:41<1:37:26,  4.75it/s]  3%|▎         | 775/28539 [02:42<1:36:46,  4.78it/s]  3%|▎         | 778/28539 [02:54<1:43:54,  4.45it/s]  3%|▎         | 783/28539 [03:09<1:51:44,  4.14it/s]  3%|▎         | 788/28539 [03:09<1:51:05,  4.16it/s]  3%|▎         | 789/28539 [03:09<1:51:05,  4.16it/s]  3%|▎         | 793/28539 [03:15<1:53:51,  4.06it/s]  3%|▎         | 794/28539 [03:15<1:53:52,  4.06it/s]  3%|▎         | 799/28539 [03:19<1:55:34,  4.00it/s]  3%|▎         | 805/28539 [03:22<1:56:10,  3.98it/s]  3%|▎         | 811/28539 [03:27<1:58:21,  3.90it/s]  3%|▎         | 817/28539 [03:27<1:57:33,  3.93it/s]  3%|▎         | 819/28539 [03:28<1:57:21,  3.94it/s]  3%|▎         | 821/28539 [03:35<2:01:03,  3.82it/s]  3%|▎         | 829/28539 [03:35<2:00:06,  3.85it/s]  3%|▎         | 831/28539 [03:35<1:59:56,  3.85it/s]  3%|▎         | 836/28539 [03:36<1:59:18,  3.87it/s]  3%|▎         | 839/28539 [03:36<1:58:55,  3.88it/s]  3%|▎         | 841/28539 [03:36<1:58:48,  3.89it/s]  3%|▎         | 843/28539 [03:36<1:58:35,  3.89it/s]  3%|▎         | 846/28539 [03:37<1:58:26,  3.90it/s]  3%|▎         | 850/28539 [03:37<1:58:00,  3.91it/s]  3%|▎         | 852/28539 [03:37<1:57:48,  3.92it/s]  3%|▎         | 854/28539 [03:37<1:57:35,  3.92it/s]  3%|▎         | 857/28539 [03:37<1:57:14,  3.94it/s]  3%|▎         | 859/28539 [03:38<1:57:05,  3.94it/s]  3%|▎         | 861/28539 [03:38<1:56:56,  3.94it/s]  3%|▎         | 863/28539 [03:38<1:56:43,  3.95it/s]  3%|▎         | 868/28539 [03:38<1:56:14,  3.97it/s]  3%|▎         | 870/28539 [03:38<1:56:04,  3.97it/s]  3%|▎         | 874/28539 [03:39<1:55:36,  3.99it/s]  3%|▎         | 876/28539 [03:39<1:55:26,  3.99it/s]  3%|▎         | 879/28539 [03:39<1:55:11,  4.00it/s]  3%|▎         | 882/28539 [03:39<1:54:53,  4.01it/s]  3%|▎         | 884/28539 [03:39<1:54:41,  4.02it/s]  3%|▎         | 888/28539 [03:40<1:54:24,  4.03it/s]  3%|▎         | 892/28539 [03:40<1:53:56,  4.04it/s]  3%|▎         | 894/28539 [03:40<1:53:47,  4.05it/s]  3%|▎         | 896/28539 [03:41<1:53:42,  4.05it/s]  3%|▎         | 900/28539 [03:41<1:53:17,  4.07it/s]  3%|▎         | 902/28539 [03:41<1:53:10,  4.07it/s]  3%|▎         | 906/28539 [03:41<1:52:45,  4.08it/s]  3%|▎         | 908/28539 [03:42<1:52:42,  4.09it/s]  3%|▎         | 913/28539 [03:42<1:52:15,  4.10it/s]  3%|▎         | 915/28539 [03:42<1:52:05,  4.11it/s]  3%|▎         | 919/28539 [03:43<1:51:50,  4.12it/s]  3%|▎         | 924/28539 [03:43<1:51:16,  4.14it/s]  3%|▎         | 927/28539 [03:43<1:51:08,  4.14it/s]  3%|▎         | 929/28539 [03:43<1:50:56,  4.15it/s]  3%|▎         | 931/28539 [03:44<1:50:45,  4.15it/s]  3%|▎         | 933/28539 [03:44<1:50:44,  4.15it/s]  3%|▎         | 936/28539 [03:44<1:50:28,  4.16it/s]  3%|▎         | 939/28539 [03:45<1:50:16,  4.17it/s]  3%|▎         | 943/28539 [03:45<1:49:53,  4.19it/s]  3%|▎         | 945/28539 [03:45<1:49:51,  4.19it/s]  3%|▎         | 949/28539 [03:46<1:49:32,  4.20it/s]  3%|▎         | 952/28539 [03:46<1:49:19,  4.21it/s]  3%|▎         | 955/28539 [03:46<1:49:04,  4.22it/s]  3%|▎         | 957/28539 [03:46<1:48:56,  4.22it/s]  3%|▎         | 959/28539 [03:46<1:48:47,  4.23it/s]  3%|▎         | 962/28539 [03:47<1:48:31,  4.24it/s]  3%|▎         | 964/28539 [03:47<1:48:20,  4.24it/s]  3%|▎         | 966/28539 [03:47<1:48:12,  4.25it/s]  3%|▎         | 968/28539 [03:47<1:48:02,  4.25it/s]  3%|▎         | 970/28539 [03:47<1:47:54,  4.26it/s]  3%|▎         | 973/28539 [03:48<1:47:44,  4.26it/s]  3%|▎         | 975/28539 [03:48<1:47:38,  4.27it/s]  3%|▎         | 979/28539 [03:48<1:47:16,  4.28it/s]  3%|▎         | 981/28539 [03:48<1:47:07,  4.29it/s]  3%|▎         | 983/28539 [03:49<1:47:05,  4.29it/s]  3%|▎         | 986/28539 [03:49<1:46:48,  4.30it/s]  3%|▎         | 988/28539 [03:49<1:46:38,  4.31it/s]  3%|▎         | 990/28539 [03:49<1:46:32,  4.31it/s]  3%|▎         | 992/28539 [03:49<1:46:25,  4.31it/s]  3%|▎         | 994/28539 [03:50<1:46:17,  4.32it/s]  3%|▎         | 997/28539 [03:50<1:46:08,  4.32it/s]  4%|▎         | 999/28539 [03:50<1:45:58,  4.33it/s]  4%|▎         | 1003/28539 [03:50<1:45:38,  4.34it/s]  4%|▎         | 1005/28539 [03:51<1:45:31,  4.35it/s]  4%|▎         | 1007/28539 [03:51<1:45:24,  4.35it/s]  4%|▎         | 1009/28539 [03:51<1:45:17,  4.36it/s]  4%|▎         | 1012/28539 [03:51<1:45:06,  4.36it/s]  4%|▎         | 1015/28539 [03:52<1:44:52,  4.37it/s]  4%|▎         | 1017/28539 [03:52<1:44:42,  4.38it/s]  4%|▎         | 1019/28539 [03:52<1:44:35,  4.39it/s]  4%|▎         | 1021/28539 [03:52<1:44:27,  4.39it/s]  4%|▎         | 1023/28539 [03:52<1:44:20,  4.40it/s]  4%|▎         | 1025/28539 [03:52<1:44:11,  4.40it/s]  4%|▎         | 1027/28539 [03:53<1:44:08,  4.40it/s]  4%|▎         | 1032/28539 [03:53<1:43:40,  4.42it/s]  4%|▎         | 1034/28539 [03:53<1:43:35,  4.43it/s]  4%|▎         | 1036/28539 [03:54<1:43:33,  4.43it/s]  4%|▎         | 1039/28539 [03:54<1:43:17,  4.44it/s]  4%|▎         | 1041/28539 [03:54<1:43:12,  4.44it/s]  4%|▎         | 1043/28539 [03:54<1:43:04,  4.45it/s]  4%|▎         | 1045/28539 [03:54<1:42:55,  4.45it/s]  4%|▎         | 1048/28539 [03:54<1:42:41,  4.46it/s]  4%|▎         | 1050/28539 [03:55<1:42:37,  4.46it/s]  4%|▎         | 1053/28539 [03:55<1:42:23,  4.47it/s]  4%|▎         | 1055/28539 [03:55<1:42:15,  4.48it/s]  4%|▎         | 1057/28539 [03:55<1:42:08,  4.48it/s]  4%|▎         | 1059/28539 [03:55<1:42:01,  4.49it/s]  4%|▎         | 1061/28539 [03:56<1:41:54,  4.49it/s]  4%|▎         | 1063/28539 [03:56<1:41:48,  4.50it/s]  4%|▎         | 1065/28539 [03:56<1:41:39,  4.50it/s]  4%|▎         | 1067/28539 [03:56<1:41:33,  4.51it/s]  4%|▎         | 1069/28539 [03:56<1:41:25,  4.51it/s]  4%|▍         | 1071/28539 [03:56<1:41:16,  4.52it/s]  4%|▍         | 1073/28539 [03:57<1:41:12,  4.52it/s]  4%|▍         | 1076/28539 [03:57<1:40:59,  4.53it/s]  4%|▍         | 1079/28539 [03:57<1:40:50,  4.54it/s]  4%|▍         | 1082/28539 [03:58<1:40:42,  4.54it/s]  4%|▍         | 1085/28539 [03:58<1:40:33,  4.55it/s]  4%|▍         | 1093/28539 [03:58<1:39:54,  4.58it/s]  4%|▍         | 1095/28539 [03:58<1:39:49,  4.58it/s]  4%|▍         | 1097/28539 [03:59<1:39:42,  4.59it/s]  4%|▍         | 1100/28539 [03:59<1:39:28,  4.60it/s]  4%|▍         | 1103/28539 [03:59<1:39:14,  4.61it/s]  4%|▍         | 1105/28539 [03:59<1:39:13,  4.61it/s]  4%|▍         | 1111/28539 [04:00<1:38:46,  4.63it/s]  4%|▍         | 1113/28539 [04:00<1:38:37,  4.63it/s]  4%|▍         | 1116/28539 [04:00<1:38:27,  4.64it/s]  4%|▍         | 1118/28539 [04:00<1:38:22,  4.65it/s]  4%|▍         | 1120/28539 [04:00<1:38:14,  4.65it/s]  4%|▍         | 1123/28539 [04:01<1:38:09,  4.66it/s]  4%|▍         | 1129/28539 [04:01<1:37:40,  4.68it/s]  4%|▍         | 1131/28539 [04:01<1:37:36,  4.68it/s]  4%|▍         | 1133/28539 [04:01<1:37:29,  4.68it/s]  4%|▍         | 1137/28539 [04:02<1:37:13,  4.70it/s]  4%|▍         | 1139/28539 [04:02<1:37:11,  4.70it/s]  4%|▍         | 1145/28539 [04:02<1:36:51,  4.71it/s]  4%|▍         | 1147/28539 [04:03<1:36:45,  4.72it/s]  4%|▍         | 1149/28539 [04:03<1:36:38,  4.72it/s]  4%|▍         | 1151/28539 [04:03<1:36:31,  4.73it/s]  4%|▍         | 1153/28539 [04:03<1:36:26,  4.73it/s]  4%|▍         | 1156/28539 [04:03<1:36:17,  4.74it/s]  4%|▍         | 1159/28539 [04:04<1:36:05,  4.75it/s]  4%|▍         | 1161/28539 [04:04<1:35:58,  4.75it/s]  4%|▍         | 1163/28539 [04:04<1:35:54,  4.76it/s]  4%|▍         | 1166/28539 [04:04<1:35:43,  4.77it/s]  4%|▍         | 1168/28539 [04:04<1:35:36,  4.77it/s]  4%|▍         | 1170/28539 [04:04<1:35:29,  4.78it/s]  4%|▍         | 1172/28539 [04:05<1:35:26,  4.78it/s]  4%|▍         | 1174/28539 [04:05<1:35:19,  4.78it/s]  4%|▍         | 1176/28539 [04:05<1:35:11,  4.79it/s]  4%|▍         | 1178/28539 [04:05<1:35:10,  4.79it/s]  4%|▍         | 1182/28539 [04:06<1:34:55,  4.80it/s]  4%|▍         | 1184/28539 [04:08<1:35:35,  4.77it/s]  4%|▍         | 1189/28539 [04:18<1:39:03,  4.60it/s]  4%|▍         | 1193/28539 [04:18<1:38:45,  4.61it/s]  4%|▍         | 1195/28539 [04:19<1:38:48,  4.61it/s]  4%|▍         | 1201/28539 [04:20<1:38:59,  4.60it/s]  4%|▍         | 1203/28539 [04:21<1:38:51,  4.61it/s]  4%|▍         | 1207/28539 [04:30<1:42:12,  4.46it/s]  4%|▍         | 1208/28539 [04:31<1:42:11,  4.46it/s]  4%|▍         | 1213/28539 [04:31<1:42:06,  4.46it/s]  4%|▍         | 1219/28539 [04:33<1:42:02,  4.46it/s]  4%|▍         | 1220/28539 [04:33<1:42:00,  4.46it/s]  4%|▍         | 1221/28539 [04:33<1:41:57,  4.47it/s]  4%|▍         | 1223/28539 [04:33<1:41:50,  4.47it/s]  4%|▍         | 1225/28539 [04:44<1:45:32,  4.31it/s]  4%|▍         | 1236/28539 [04:44<1:44:38,  4.35it/s]  4%|▍         | 1239/28539 [04:45<1:44:52,  4.34it/s]  4%|▍         | 1241/28539 [04:45<1:44:46,  4.34it/s]  4%|▍         | 1245/28539 [04:46<1:44:32,  4.35it/s]  4%|▍         | 1248/28539 [04:59<1:49:06,  4.17it/s]  4%|▍         | 1254/28539 [05:00<1:49:05,  4.17it/s]  4%|▍         | 1260/28539 [05:01<1:48:43,  4.18it/s]  4%|▍         | 1263/28539 [05:01<1:48:29,  4.19it/s]  4%|▍         | 1266/28539 [05:01<1:48:19,  4.20it/s]  4%|▍         | 1270/28539 [05:01<1:48:02,  4.21it/s]  4%|▍         | 1272/28539 [05:02<1:48:00,  4.21it/s]  4%|▍         | 1276/28539 [05:02<1:47:44,  4.22it/s]  4%|▍         | 1278/28539 [05:02<1:47:41,  4.22it/s]  4%|▍         | 1281/28539 [05:03<1:47:28,  4.23it/s]  4%|▍         | 1283/28539 [05:03<1:47:21,  4.23it/s]  5%|▍         | 1285/28539 [05:03<1:47:16,  4.23it/s]  5%|▍         | 1288/28539 [05:03<1:47:05,  4.24it/s]  5%|▍         | 1290/28539 [05:03<1:46:59,  4.24it/s]  5%|▍         | 1293/28539 [05:04<1:46:48,  4.25it/s]  5%|▍         | 1296/28539 [05:04<1:46:42,  4.26it/s]  5%|▍         | 1300/28539 [05:04<1:46:26,  4.27it/s]  5%|▍         | 1302/28539 [05:05<1:46:24,  4.27it/s]  5%|▍         | 1305/28539 [05:05<1:46:12,  4.27it/s]  5%|▍         | 1308/28539 [05:05<1:46:02,  4.28it/s]  5%|▍         | 1310/28539 [05:05<1:45:55,  4.28it/s]  5%|▍         | 1313/28539 [05:05<1:45:43,  4.29it/s]  5%|▍         | 1315/28539 [05:06<1:45:37,  4.30it/s]  5%|▍         | 1317/28539 [05:06<1:45:36,  4.30it/s]  5%|▍         | 1320/28539 [05:06<1:45:25,  4.30it/s]  5%|▍         | 1322/28539 [05:06<1:45:17,  4.31it/s]  5%|▍         | 1324/28539 [05:07<1:45:12,  4.31it/s]  5%|▍         | 1326/28539 [05:07<1:45:05,  4.32it/s]  5%|▍         | 1328/28539 [05:07<1:45:01,  4.32it/s]  5%|▍         | 1330/28539 [05:07<1:44:55,  4.32it/s]  5%|▍         | 1332/28539 [05:07<1:44:48,  4.33it/s]  5%|▍         | 1334/28539 [05:08<1:44:43,  4.33it/s]  5%|▍         | 1336/28539 [05:08<1:44:38,  4.33it/s]  5%|▍         | 1339/28539 [05:08<1:44:27,  4.34it/s]  5%|▍         | 1342/28539 [05:08<1:44:16,  4.35it/s]  5%|▍         | 1344/28539 [05:09<1:44:14,  4.35it/s]  5%|▍         | 1347/28539 [05:09<1:44:02,  4.36it/s]  5%|▍         | 1349/28539 [05:09<1:43:56,  4.36it/s]  5%|▍         | 1351/28539 [05:09<1:43:57,  4.36it/s]  5%|▍         | 1357/28539 [05:10<1:43:33,  4.37it/s]  5%|▍         | 1359/28539 [05:10<1:43:33,  4.37it/s]  5%|▍         | 1364/28539 [05:10<1:43:12,  4.39it/s]  5%|▍         | 1366/28539 [05:11<1:43:08,  4.39it/s]  5%|▍         | 1369/28539 [05:11<1:42:56,  4.40it/s]  5%|▍         | 1371/28539 [05:11<1:42:51,  4.40it/s]  5%|▍         | 1373/28539 [05:11<1:42:47,  4.40it/s]  5%|▍         | 1377/28539 [05:12<1:42:35,  4.41it/s]  5%|▍         | 1382/28539 [05:12<1:42:16,  4.43it/s]  5%|▍         | 1384/28539 [05:12<1:42:13,  4.43it/s]  5%|▍         | 1386/28539 [05:12<1:42:06,  4.43it/s]  5%|▍         | 1388/28539 [05:12<1:42:00,  4.44it/s]  5%|▍         | 1390/28539 [05:12<1:41:53,  4.44it/s]  5%|▍         | 1392/28539 [05:13<1:41:47,  4.45it/s]  5%|▍         | 1394/28539 [05:13<1:41:41,  4.45it/s]  5%|▍         | 1397/28539 [05:13<1:41:33,  4.45it/s]  5%|▍         | 1399/28539 [05:13<1:41:26,  4.46it/s]  5%|▍         | 1401/28539 [05:14<1:41:22,  4.46it/s]  5%|▍         | 1404/28539 [05:14<1:41:12,  4.47it/s]  5%|▍         | 1406/28539 [05:14<1:41:06,  4.47it/s]  5%|▍         | 1409/28539 [05:14<1:40:54,  4.48it/s]  5%|▍         | 1411/28539 [05:14<1:40:51,  4.48it/s]  5%|▍         | 1413/28539 [05:15<1:40:49,  4.48it/s]  5%|▍         | 1417/28539 [05:15<1:40:36,  4.49it/s]  5%|▍         | 1420/28539 [05:15<1:40:28,  4.50it/s]  5%|▍         | 1424/28539 [05:15<1:40:13,  4.51it/s]  5%|▍         | 1426/28539 [05:15<1:40:07,  4.51it/s]  5%|▌         | 1428/28539 [05:16<1:40:03,  4.52it/s]  5%|▌         | 1431/28539 [05:16<1:39:55,  4.52it/s]  5%|▌         | 1434/28539 [05:16<1:39:47,  4.53it/s]  5%|▌         | 1436/28539 [05:17<1:39:43,  4.53it/s]  5%|▌         | 1440/28539 [05:17<1:39:31,  4.54it/s]  5%|▌         | 1442/28539 [05:17<1:39:30,  4.54it/s]  5%|▌         | 1447/28539 [05:18<1:39:14,  4.55it/s]  5%|▌         | 1449/28539 [05:18<1:39:09,  4.55it/s]  5%|▌         | 1453/28539 [05:18<1:38:56,  4.56it/s]  5%|▌         | 1456/28539 [05:18<1:38:46,  4.57it/s]  5%|▌         | 1458/28539 [05:18<1:38:40,  4.57it/s]  5%|▌         | 1460/28539 [05:19<1:38:38,  4.58it/s]  5%|▌         | 1463/28539 [05:19<1:38:28,  4.58it/s]  5%|▌         | 1465/28539 [05:19<1:38:25,  4.58it/s]  5%|▌         | 1467/28539 [05:19<1:38:19,  4.59it/s]  5%|▌         | 1469/28539 [05:19<1:38:15,  4.59it/s]  5%|▌         | 1471/28539 [05:20<1:38:10,  4.60it/s]  5%|▌         | 1473/28539 [05:20<1:38:05,  4.60it/s]  5%|▌         | 1475/28539 [05:20<1:37:59,  4.60it/s]  5%|▌         | 1477/28539 [05:20<1:37:53,  4.61it/s]  5%|▌         | 1479/28539 [05:20<1:37:50,  4.61it/s]  5%|▌         | 1481/28539 [05:21<1:37:45,  4.61it/s]  5%|▌         | 1484/28539 [05:21<1:37:35,  4.62it/s]  5%|▌         | 1486/28539 [05:21<1:37:30,  4.62it/s]  5%|▌         | 1488/28539 [05:21<1:37:27,  4.63it/s]  5%|▌         | 1490/28539 [05:21<1:37:23,  4.63it/s]  5%|▌         | 1493/28539 [05:22<1:37:14,  4.64it/s]  5%|▌         | 1495/28539 [05:22<1:37:08,  4.64it/s]  5%|▌         | 1497/28539 [05:22<1:37:04,  4.64it/s]  5%|▌         | 1499/28539 [05:22<1:37:00,  4.65it/s]  5%|▌         | 1501/28539 [05:22<1:36:54,  4.65it/s]  5%|▌         | 1503/28539 [05:22<1:36:49,  4.65it/s]  5%|▌         | 1505/28539 [05:23<1:36:44,  4.66it/s]  5%|▌         | 1507/28539 [05:23<1:36:39,  4.66it/s]  5%|▌         | 1509/28539 [05:23<1:36:36,  4.66it/s]  5%|▌         | 1511/28539 [05:23<1:36:33,  4.67it/s]  5%|▌         | 1515/28539 [05:24<1:36:24,  4.67it/s]  5%|▌         | 1518/28539 [05:24<1:36:17,  4.68it/s]  5%|▌         | 1521/28539 [05:24<1:36:08,  4.68it/s]  5%|▌         | 1524/28539 [05:24<1:36:00,  4.69it/s]  5%|▌         | 1526/28539 [05:25<1:35:54,  4.69it/s]  5%|▌         | 1528/28539 [05:25<1:35:52,  4.70it/s]  5%|▌         | 1530/28539 [05:25<1:35:47,  4.70it/s]  5%|▌         | 1532/28539 [05:25<1:35:41,  4.70it/s]  5%|▌         | 1534/28539 [05:26<1:35:39,  4.71it/s]  5%|▌         | 1537/28539 [05:26<1:35:30,  4.71it/s]  5%|▌         | 1539/28539 [05:26<1:35:28,  4.71it/s]  5%|▌         | 1541/28539 [05:26<1:35:23,  4.72it/s]  5%|▌         | 1545/28539 [05:26<1:35:12,  4.73it/s]  5%|▌         | 1547/28539 [05:27<1:35:10,  4.73it/s]  5%|▌         | 1551/28539 [05:27<1:35:01,  4.73it/s]  5%|▌         | 1555/28539 [05:27<1:34:49,  4.74it/s]  5%|▌         | 1558/28539 [05:28<1:34:43,  4.75it/s]  5%|▌         | 1561/28539 [05:28<1:34:34,  4.75it/s]  5%|▌         | 1563/28539 [05:28<1:34:29,  4.76it/s]  5%|▌         | 1565/28539 [05:28<1:34:25,  4.76it/s]  5%|▌         | 1568/28539 [05:29<1:34:19,  4.77it/s]  6%|▌         | 1571/28539 [05:29<1:34:12,  4.77it/s]  6%|▌         | 1575/28539 [05:29<1:34:05,  4.78it/s]  6%|▌         | 1580/28539 [05:29<1:33:49,  4.79it/s]  6%|▌         | 1582/28539 [05:30<1:33:48,  4.79it/s]  6%|▌         | 1584/28539 [05:30<1:33:44,  4.79it/s]  6%|▌         | 1586/28539 [05:30<1:33:39,  4.80it/s]  6%|▌         | 1588/28539 [05:30<1:33:34,  4.80it/s]  6%|▌         | 1591/28539 [05:30<1:33:26,  4.81it/s]  6%|▌         | 1593/28539 [05:31<1:33:23,  4.81it/s]  6%|▌         | 1595/28539 [05:31<1:33:21,  4.81it/s]  6%|▌         | 1600/28539 [05:31<1:33:07,  4.82it/s]  6%|▌         | 1602/28539 [05:32<1:33:02,  4.83it/s]  6%|▌         | 1604/28539 [05:32<1:32:59,  4.83it/s]  6%|▌         | 1606/28539 [05:32<1:32:54,  4.83it/s]  6%|▌         | 1608/28539 [05:33<1:33:00,  4.83it/s]  6%|▌         | 1612/28539 [05:33<1:32:48,  4.84it/s]  6%|▌         | 1614/28539 [05:44<1:35:53,  4.68it/s]  6%|▌         | 1619/28539 [05:45<1:35:39,  4.69it/s]  6%|▌         | 1620/28539 [05:45<1:35:40,  4.69it/s]  6%|▌         | 1626/28539 [05:47<1:35:49,  4.68it/s]  6%|▌         | 1627/28539 [05:47<1:35:49,  4.68it/s]  6%|▌         | 1628/28539 [05:47<1:35:48,  4.68it/s]  6%|▌         | 1632/28539 [05:52<1:36:54,  4.63it/s]  6%|▌         | 1636/28539 [06:05<1:40:02,  4.48it/s]  6%|▌         | 1637/28539 [06:05<1:40:01,  4.48it/s]  6%|▌         | 1638/28539 [06:05<1:40:00,  4.48it/s]  6%|▌         | 1642/28539 [06:17<1:43:10,  4.35it/s]  6%|▌         | 1643/28539 [06:18<1:43:12,  4.34it/s]  6%|▌         | 1648/28539 [06:18<1:43:02,  4.35it/s]concurrent.futures.process._RemoteTraceback: 
"""
Traceback (most recent call last):
  File "/home/ttsue/.conda/envs/cs231nenv/lib/python3.6/site-packages/audioread/ffdec.py", line 167, in read_data
    data = self.stdout_reader.queue.get(timeout=timeout)
  File "/home/ttsue/.conda/envs/cs231nenv/lib/python3.6/queue.py", line 172, in get
    raise Empty
queue.Empty

During handling of the above exception, another exception occurred:

Traceback (most recent call last):
  File "/home/ttsue/.conda/envs/cs231nenv/lib/python3.6/concurrent/futures/process.py", line 175, in _process_worker
    r = call_item.fn(*call_item.args, **call_item.kwargs)
  File "/home/ttsue/ekho/util/asr.py", line 57, in _process_utterance
    data = audio.load_flac(flac_path)
  File "/home/ttsue/ekho/util/audio.py", line 20, in load_flac
    return librosa.core.load(path, sr=config.sample_rate)[0]
  File "/home/ttsue/.conda/envs/cs231nenv/lib/python3.6/site-packages/librosa/core/audio.py", line 126, in load
    for frame in input_file:
  File "/home/ttsue/.conda/envs/cs231nenv/lib/python3.6/site-packages/audioread/ffdec.py", line 181, in read_data
    ''.join(self.stderr_reader.queue.queue)
audioread.ffdec.ReadTimeoutError: ffmpeg output: 
"""

The above exception was the direct cause of the following exception:

Traceback (most recent call last):
  File "preprocess.py", line 73, in <module>
    preprocess(module, args.data_dir, args.out_dir, num_workers)
  File "preprocess.py", line 36, in preprocess
    metadata = mod.build_from_path(in_dir, out_dir, num_workers, tqdm=tqdm)
  File "/home/ttsue/ekho/util/asr.py", line 40, in build_from_path
    return [future.result() for future in tqdm(futures)]
  File "/home/ttsue/ekho/util/asr.py", line 40, in <listcomp>
    return [future.result() for future in tqdm(futures)]
  File "/home/ttsue/.conda/envs/cs231nenv/lib/python3.6/concurrent/futures/_base.py", line 432, in result
    return self.__get_result()
  File "/home/ttsue/.conda/envs/cs231nenv/lib/python3.6/concurrent/futures/_base.py", line 384, in __get_result
    raise self._exception
audioread.ffdec.ReadTimeoutError: ffmpeg output: 
